0 info it worked if it ends with ok
1 verbose cli [ 'C:\\tools\\nodejs\\node.exe',
1 verbose cli   'C:\\tools\\nodejs\\node_modules\\npm\\bin\\npm-cli.js',
1 verbose cli   'start' ]
2 info using npm@3.10.10
3 info using node@v6.11.3
4 verbose run-script [ 'prestart', 'start', 'poststart' ]
5 info lifecycle alurapic@1.0.0~prestart: alurapic@1.0.0
6 silly lifecycle alurapic@1.0.0~prestart: no script for prestart, continuing
7 info lifecycle alurapic@1.0.0~start: alurapic@1.0.0
8 verbose lifecycle alurapic@1.0.0~start: unsafe-perm in lifecycle true
9 verbose lifecycle alurapic@1.0.0~start: PATH: C:\tools\nodejs\node_modules\npm\bin\node-gyp-bin;C:\dev\projetos\vue\api\node_modules\.bin;C:\dev\tools\cmder_mini\bin;C:\dev\tools\cmder_mini\vendor\conemu-maximus5\ConEmu\Scripts;C:\dev\tools\cmder_mini\vendor\conemu-maximus5;C:\dev\tools\cmder_mini\vendor\conemu-maximus5\ConEmu;C:\ProgramData\Oracle\Java\javapath;C:\Python27\;C:\Python27\Scripts;c:\Program Files (x86)\Intel\iCLS Client\;c:\Program Files\Intel\iCLS Client\;C:\WINDOWS\system32;C:\WINDOWS;C:\WINDOWS\System32\Wbem;C:\WINDOWS\System32\WindowsPowerShell\v1.0\;C:\Program Files\Intel\Intel(R) Management Engine Components\DAL;C:\Program Files\Intel\Intel(R) Management Engine Components\IPT;C:\Program Files (x86)\Intel\Intel(R) Management Engine Components\DAL;C:\Program Files (x86)\Intel\Intel(R) Management Engine Components\IPT;c:\Program Files (x86)\ATI Technologies\ATI.ACE\Core-Static;C:\dev\tools\Git\cmd;C:\Program Files\Microsoft SQL Server\130\Tools\Binn\;C:\Program Files\dotnet\;C:\Program Files\Microsoft SQL Server\Client SDK\ODBC\130\Tools\Binn\;C:\Program Files (x86)\Microsoft SQL Server\130\Tools\Binn\;C:\Program Files\Microsoft SQL Server\130\DTS\Binn\;C:\tools\nodejs\;C:\Python36\Scripts\;C:\Python36\;C:\Program Files (x86)\Microsoft VS Code\bin;C:\Users\ramires\AppData\Roaming\npm;C:\dev\tools\Git\usr\bin;C:\dev\tools\Git\usr\share\vim\vim74;C:\dev\tools\cmder_mini\
10 verbose lifecycle alurapic@1.0.0~start: CWD: C:\dev\projetos\vue\api
11 silly lifecycle alurapic@1.0.0~start: Args: [ '/d /s /c', 'node server.js' ]
12 silly lifecycle alurapic@1.0.0~start: Returned: code: 3221225786  signal: null
13 info lifecycle alurapic@1.0.0~start: Failed to exec start script
14 verbose stack Error: alurapic@1.0.0 start: `node server.js`
14 verbose stack Exit status 3221225786
14 verbose stack     at EventEmitter.<anonymous> (C:\tools\nodejs\node_modules\npm\lib\utils\lifecycle.js:255:16)
14 verbose stack     at emitTwo (events.js:106:13)
14 verbose stack     at EventEmitter.emit (events.js:191:7)
14 verbose stack     at ChildProcess.<anonymous> (C:\tools\nodejs\node_modules\npm\lib\utils\spawn.js:40:14)
14 verbose stack     at emitTwo (events.js:106:13)
14 verbose stack     at ChildProcess.emit (events.js:191:7)
14 verbose stack     at maybeClose (internal/child_process.js:920:16)
14 verbose stack     at Process.ChildProcess._handle.onexit (internal/child_process.js:230:5)
15 verbose pkgid alurapic@1.0.0
16 verbose cwd C:\dev\projetos\vue\api
17 error Windows_NT 6.3.9600
18 error argv "C:\\tools\\nodejs\\node.exe" "C:\\tools\\nodejs\\node_modules\\npm\\bin\\npm-cli.js" "start"
19 error node v6.11.3
20 error npm  v3.10.10
21 error code ELIFECYCLE
22 error alurapic@1.0.0 start: `node server.js`
22 error Exit status 3221225786
23 error Failed at the alurapic@1.0.0 start script 'node server.js'.
23 error Make sure you have the latest version of node.js and npm installed.
23 error If you do, this is most likely a problem with the alurapic package,
23 error not with npm itself.
23 error Tell the author that this fails on your system:
23 error     node server.js
23 error You can get information on how to open an issue for this project with:
23 error     npm bugs alurapic
23 error Or if that isn't available, you can get their info via:
23 error     npm owner ls alurapic
23 error There is likely additional logging output above.
24 verbose exit [ 1, true ]
